#
# There is insufficient memory for the Java Runtime Environment to continue.
# Native memory allocation (malloc) failed to allocate 65552 bytes for Chunk::new
# Possible reasons:
#   The system is out of physical RAM or swap space
#   The process is running with CompressedOops enabled, and the Java Heap may be blocking the growth of the native heap
# Possible solutions:
#   Reduce memory load on the system
#   Increase physical memory or swap space
#   Check if swap backing store is full
#   Decrease Java heap size (-Xmx/-Xms)
#   Decrease number of Java threads
#   Decrease Java thread stack sizes (-Xss)
#   Set larger code cache with -XX:ReservedCodeCacheSize=
#   JVM is running with Unscaled Compressed Oops mode in which the Java heap is
#     placed in the first 4GB address space. The Java Heap base address is the
#     maximum limit for the native heap growth. Please use -XX:HeapBaseMinAddress
#     to set the Java Heap base and to place the Java Heap above 4GB virtual address.
# This output file may be truncated or incomplete.
#
#  Out of Memory Error (allocation.cpp:389), pid=22632, tid=0x0000000000006a60
#
# JRE version: Java(TM) SE Runtime Environment (8.0_202-b08) (build 1.8.0_202-b08)
# Java VM: Java HotSpot(TM) 64-Bit Server VM (25.202-b08 mixed mode windows-amd64 compressed oops)
# Failed to write core dump. Minidumps are not enabled by default on client versions of Windows
#

---------------  T H R E A D  ---------------

Current thread (0x0000000019228800):  JavaThread "C2 CompilerThread1" daemon [_thread_in_native, id=27232, stack(0x0000000019c10000,0x0000000019d10000)]

Stack: [0x0000000019c10000,0x0000000019d10000]
[error occurred during error reporting (printing stack bounds), id 0xc0000005]

Native frames: (J=compiled Java code, j=interpreted, Vv=VM code, C=native code)


Current CompileTask:
C2:  11347 2167       4       javax.swing.plaf.nimbus.NimbusStyle::validate (1178 bytes)


---------------  P R O C E S S  ---------------

Java Threads: ( => current thread )
  0x000000001a750800 JavaThread "MySQL Statement Cancellation Timer" daemon [_thread_blocked, id=8628, stack(0x000000001c9a0000,0x000000001caa0000)]
  0x000000001a651800 JavaThread "TimerQueue" daemon [_thread_blocked, id=8796, stack(0x000000001ba60000,0x000000001bb60000)]
  0x00000000022fe000 JavaThread "DestroyJavaVM" [_thread_blocked, id=9012, stack(0x00000000023c0000,0x00000000024c0000)]
  0x000000001a3c2800 JavaThread "AWT-EventQueue-0" [_thread_in_native, id=24580, stack(0x000000001b760000,0x000000001b860000)]
  0x000000001a368000 JavaThread "AWT-Windows" daemon [_thread_in_native, id=24108, stack(0x000000001ac80000,0x000000001ad80000)]
  0x000000001a364800 JavaThread "AWT-Shutdown" [_thread_blocked, id=17140, stack(0x000000001ab80000,0x000000001ac80000)]
  0x000000001a363800 JavaThread "Java2D Disposer" daemon [_thread_blocked, id=25168, stack(0x000000001aa80000,0x000000001ab80000)]
  0x00000000192c8800 JavaThread "Service Thread" daemon [_thread_blocked, id=28088, stack(0x0000000019f10000,0x000000001a010000)]
  0x0000000019252800 JavaThread "C1 CompilerThread3" daemon [_thread_in_native, id=25044, stack(0x0000000019e10000,0x0000000019f10000)]
  0x000000001922e800 JavaThread "C2 CompilerThread2" daemon [_thread_blocked, id=22488, stack(0x0000000019d10000,0x0000000019e10000)]
=>0x0000000019228800 JavaThread "C2 CompilerThread1" daemon [_thread_in_native, id=27232, stack(0x0000000019c10000,0x0000000019d10000)]
  0x0000000019220800 JavaThread "C2 CompilerThread0" daemon [_thread_blocked, id=11132, stack(0x0000000019b10000,0x0000000019c10000)]
  0x000000001921f000 JavaThread "Attach Listener" daemon [_thread_blocked, id=24064, stack(0x0000000019a10000,0x0000000019b10000)]
  0x000000001921e000 JavaThread "Signal Dispatcher" daemon [_thread_blocked, id=2100, stack(0x0000000019910000,0x0000000019a10000)]
  0x00000000025b7800 JavaThread "Finalizer" daemon [_thread_blocked, id=23320, stack(0x00000000196f0000,0x00000000197f0000)]
  0x0000000019210800 JavaThread "Reference Handler" daemon [_thread_blocked, id=23136, stack(0x00000000195f0000,0x00000000196f0000)]

Other Threads:
  0x0000000017419800 VMThread [stack: 0x00000000190f0000,0x00000000191f0000] [id=6284]
  0x00000000192c9000 WatcherThread [stack: 0x000000001a180000,0x000000001a280000] [id=22248]

VM state:not at safepoint (normal execution)

VM Mutex/Monitor currently owned by a thread: None

heap address: 0x0000000083a00000, size: 1990 MB, Compressed Oops mode: 32-bit
Narrow klass base: 0x0000000000000000, Narrow klass shift: 3
Compressed class space size: 1073741824 Address: 0x0000000100000000

Heap:
 PSYoungGen      total 37888K, used 6577K [0x00000000d6900000, 0x00000000d9300000, 0x0000000100000000)
  eden space 32768K, 4% used [0x00000000d6900000,0x00000000d6a6df10,0x00000000d8900000)
  from space 5120K, 99% used [0x00000000d8900000,0x00000000d8dfe7c0,0x00000000d8e00000)
  to   space 5120K, 0% used [0x00000000d8e00000,0x00000000d8e00000,0x00000000d9300000)
 ParOldGen       total 86016K, used 11521K [0x0000000083a00000, 0x0000000088e00000, 0x00000000d6900000)
  object space 86016K, 13% used [0x0000000083a00000,0x00000000845407f8,0x0000000088e00000)
 Metaspace       used 17818K, capacity 18068K, committed 18432K, reserved 1067008K
  class space    used 2133K, capacity 2233K, committed 2304K, reserved 1048576K

Card table byte_map: [0x0000000011980000,0x0000000011d70000] byte_map_base: 0x0000000011563000

Marking Bits: (ParMarkBitMap*) 0x00000000729e5ce0
 Begin Bits: [0x0000000012810000, 0x0000000014728000)
 End Bits:   [0x0000000014728000, 0x0000000016640000)

Polling page: 0x0000000000a80000

CodeCache: size=245760Kb used=7079Kb max_used=7096Kb free=238680Kb
 bounds [0x00000000025c0000, 0x0000000002cc0000, 0x00000000115c0000]
 total_blobs=2839 nmethods=2259 adapters=492
 compilation: enabled

Compilation events (10 events):
Event: 11.331 Thread 0x0000000019252800 nmethod 2244 0x0000000002c8d150 code [0x0000000002c8d520, 0x0000000002c8f8f8]
Event: 11.331 Thread 0x0000000019252800 2245       3       com.mysql.jdbc.Field::<init> (874 bytes)
Event: 11.335 Thread 0x0000000019252800 nmethod 2245 0x0000000002c91050 code [0x0000000002c914a0, 0x0000000002c946c8]
Event: 11.337 Thread 0x0000000019252800 2247       3       com.mysql.jdbc.MysqlIO::reuseAndReadPacket (7 bytes)
Event: 11.337 Thread 0x0000000019252800 nmethod 2247 0x0000000002c96310 code [0x0000000002c96480, 0x0000000002c96608]
Event: 11.337 Thread 0x0000000019252800 2248   !   3       com.mysql.jdbc.MysqlIO::reuseAndReadPacket (489 bytes)
Event: 11.339 Thread 0x0000000019220800 nmethod 2246 0x0000000002c99b10 code [0x0000000002c99c80, 0x0000000002c9a4d8]
Event: 11.340 Thread 0x0000000019252800 nmethod 2248 0x0000000002c9ac50 code [0x0000000002c9b180, 0x0000000002c9eb28]
Event: 11.340 Thread 0x0000000019252800 2249   !   3       com.mysql.jdbc.Util::handleNewInstance (79 bytes)
Event: 11.341 Thread 0x0000000019252800 nmethod 2249 0x0000000002c98a90 code [0x0000000002c98ca0, 0x0000000002c99738]

GC Heap History (2 events):
Event: 11.305 GC heap before
{Heap before GC invocations=1 (full 0):
 PSYoungGen      total 37888K, used 32768K [0x00000000d6900000, 0x00000000d9300000, 0x0000000100000000)
  eden space 32768K, 100% used [0x00000000d6900000,0x00000000d8900000,0x00000000d8900000)
  from space 5120K, 0% used [0x00000000d8e00000,0x00000000d8e00000,0x00000000d9300000)
  to   space 5120K, 0% used [0x00000000d8900000,0x00000000d8900000,0x00000000d8e00000)
 ParOldGen       total 86016K, used 0K [0x0000000083a00000, 0x0000000088e00000, 0x00000000d6900000)
  object space 86016K, 0% used [0x0000000083a00000,0x0000000083a00000,0x0000000088e00000)
 Metaspace       used 17786K, capacity 18004K, committed 18176K, reserved 1064960K
  class space    used 2133K, capacity 2233K, committed 2304K, reserved 1048576K
Event: 11.316 GC heap after
Heap after GC invocations=1 (full 0):
 PSYoungGen      total 37888K, used 5113K [0x00000000d6900000, 0x00000000d9300000, 0x0000000100000000)
  eden space 32768K, 0% used [0x00000000d6900000,0x00000000d6900000,0x00000000d8900000)
  from space 5120K, 99% used [0x00000000d8900000,0x00000000d8dfe7c0,0x00000000d8e00000)
  to   space 5120K, 0% used [0x00000000d8e00000,0x00000000d8e00000,0x00000000d9300000)
 ParOldGen       total 86016K, used 11521K [0x0000000083a00000, 0x0000000088e00000, 0x00000000d6900000)
  object space 86016K, 13% used [0x0000000083a00000,0x00000000845407f8,0x0000000088e00000)
 Metaspace       used 17786K, capacity 18004K, committed 18176K, reserved 1064960K
  class space    used 2133K, capacity 2233K, committed 2304K, reserved 1048576K
}

Deoptimization events (10 events):
Event: 1.212 Thread 0x000000001a3c2800 Uncommon trap: reason=class_check action=maybe_recompile pc=0x00000000028e6500 method=java.util.Properties$LineReader.readLine()I @ 410
Event: 1.267 Thread 0x000000001a3c2800 Uncommon trap: reason=unstable_if action=reinterpret pc=0x00000000027e4f10 method=java.lang.String.indexOf([CII[CIII)I @ 3
Event: 1.549 Thread 0x000000001a3c2800 Uncommon trap: reason=unstable_if action=reinterpret pc=0x00000000028a3954 method=javax.swing.JComponent.getClientProperty(Ljava/lang/Object;)Ljava/lang/Object; @ 16
Event: 3.764 Thread 0x000000001a3c2800 Uncommon trap: reason=class_check action=maybe_recompile pc=0x0000000002864af4 method=javax.swing.plaf.nimbus.DerivedColor$UIResource.equals(Ljava/lang/Object;)Z @ 1
Event: 5.879 Thread 0x000000001a3c2800 Uncommon trap: reason=class_check action=maybe_recompile pc=0x0000000002864af4 method=javax.swing.plaf.nimbus.DerivedColor$UIResource.equals(Ljava/lang/Object;)Z @ 1
Event: 5.889 Thread 0x000000001a3c2800 Uncommon trap: reason=unstable_if action=reinterpret pc=0x00000000029957b0 method=java.awt.MultipleGradientPaintContext.indexIntoGradientsArrays(F)I @ 13
Event: 5.891 Thread 0x000000001a3c2800 Uncommon trap: reason=unstable_if action=reinterpret pc=0x0000000002b5b1a0 method=java.awt.MultipleGradientPaintContext.indexIntoGradientsArrays(F)I @ 13
Event: 11.243 Thread 0x000000001a3c2800 Uncommon trap: reason=null_check action=make_not_entrant pc=0x0000000002bfccc8 method=javax.swing.GroupLayout.getComponentInfo(Ljava/awt/Component;)Ljavax/swing/GroupLayout$ComponentInfo; @ 10
Event: 11.318 Thread 0x000000001a3c2800 Uncommon trap: reason=unstable_if action=reinterpret pc=0x0000000002a81bc8 method=java.lang.ref.SoftReference.get()Ljava/lang/Object; @ 17
Event: 11.329 Thread 0x000000001a3c2800 Uncommon trap: reason=unstable_if action=reinterpret pc=0x0000000002c6c820 method=java.lang.ref.SoftReference.get()Ljava/lang/Object; @ 17

Classes redefined (0 events):
No events

Internal exceptions (10 events):
Event: 1.123 Thread 0x000000001a3c2800 Exception <a 'java/security/PrivilegedActionException'> (0x00000000d73a08e8) thrown at [C:\re\workspace\8-2-build-windows-amd64-cygwin\jdk8u202\12323\hotspot\src\share\vm\prims\jvm.cpp, line 1502]
Event: 1.126 Thread 0x000000001a3c2800 Exception <a 'java/security/PrivilegedActionException'> (0x00000000d73e9f30) thrown at [C:\re\workspace\8-2-build-windows-amd64-cygwin\jdk8u202\12323\hotspot\src\share\vm\prims\jvm.cpp, line 1502]
Event: 1.126 Thread 0x000000001a3c2800 Exception <a 'java/security/PrivilegedActionException'> (0x00000000d73ea328) thrown at [C:\re\workspace\8-2-build-windows-amd64-cygwin\jdk8u202\12323\hotspot\src\share\vm\prims\jvm.cpp, line 1502]
Event: 1.127 Thread 0x000000001a3c2800 Exception <a 'java/security/PrivilegedActionException'> (0x00000000d73eda08) thrown at [C:\re\workspace\8-2-build-windows-amd64-cygwin\jdk8u202\12323\hotspot\src\share\vm\prims\jvm.cpp, line 1502]
Event: 1.127 Thread 0x000000001a3c2800 Exception <a 'java/security/PrivilegedActionException'> (0x00000000d73ede00) thrown at [C:\re\workspace\8-2-build-windows-amd64-cygwin\jdk8u202\12323\hotspot\src\share\vm\prims\jvm.cpp, line 1502]
Event: 1.127 Thread 0x000000001a3c2800 Exception <a 'java/security/PrivilegedActionException'> (0x00000000d73f1830) thrown at [C:\re\workspace\8-2-build-windows-amd64-cygwin\jdk8u202\12323\hotspot\src\share\vm\prims\jvm.cpp, line 1502]
Event: 1.127 Thread 0x000000001a3c2800 Exception <a 'java/security/PrivilegedActionException'> (0x00000000d73f1c28) thrown at [C:\re\workspace\8-2-build-windows-amd64-cygwin\jdk8u202\12323\hotspot\src\share\vm\prims\jvm.cpp, line 1502]
Event: 1.127 Thread 0x000000001a3c2800 Exception <a 'java/security/PrivilegedActionException'> (0x00000000d73f53c0) thrown at [C:\re\workspace\8-2-build-windows-amd64-cygwin\jdk8u202\12323\hotspot\src\share\vm\prims\jvm.cpp, line 1502]
Event: 1.127 Thread 0x000000001a3c2800 Exception <a 'java/security/PrivilegedActionException'> (0x00000000d73f57b8) thrown at [C:\re\workspace\8-2-build-windows-amd64-cygwin\jdk8u202\12323\hotspot\src\share\vm\prims\jvm.cpp, line 1502]
Event: 11.243 Thread 0x000000001a3c2800 Implicit null exception at 0x0000000002bfcab2 to 0x0000000002bfccb9

Events (10 events):
Event: 11.256 Executing VM operation: RevokeBias
Event: 11.256 Executing VM operation: RevokeBias done
Event: 11.305 Executing VM operation: ParallelGCFailedAllocation
Event: 11.316 Executing VM operation: ParallelGCFailedAllocation done
Event: 11.318 Thread 0x000000001a3c2800 Uncommon trap: trap_request=0xffffff65 fr.pc=0x0000000002a81bc8
Event: 11.318 Thread 0x000000001a3c2800 DEOPT PACKING pc=0x0000000002a81bc8 sp=0x000000001b85c260
Event: 11.318 Thread 0x000000001a3c2800 DEOPT UNPACKING pc=0x000000000260583b sp=0x000000001b85bfe0 mode 2
Event: 11.329 Thread 0x000000001a3c2800 Uncommon trap: trap_request=0xffffff65 fr.pc=0x0000000002c6c820
Event: 11.329 Thread 0x000000001a3c2800 DEOPT PACKING pc=0x0000000002c6c820 sp=0x000000001b85bbc0
Event: 11.329 Thread 0x000000001a3c2800 DEOPT UNPACKING pc=0x000000000260583b sp=0x000000001b85ba50 mode 2


Dynamic libraries:
0x00007ff72f980000 - 0x00007ff72f9b7000 	C:\Program Files\Java\jdk1.8.0_202\bin\java.exe
0x00007ffecdb30000 - 0x00007ffecdd44000 	C:\WINDOWS\SYSTEM32\ntdll.dll
0x00007ffecc6c0000 - 0x00007ffecc782000 	C:\WINDOWS\System32\KERNEL32.DLL
0x00007ffecb590000 - 0x00007ffecb92c000 	C:\WINDOWS\System32\KERNELBASE.dll
0x00007ffecda40000 - 0x00007ffecdaee000 	C:\WINDOWS\System32\ADVAPI32.dll
0x00007ffecd6a0000 - 0x00007ffecd747000 	C:\WINDOWS\System32\msvcrt.dll
0x00007ffecd510000 - 0x00007ffecd5b4000 	C:\WINDOWS\System32\sechost.dll
0x00007ffecbb90000 - 0x00007ffecbca5000 	C:\WINDOWS\System32\RPCRT4.dll
0x00007ffecc790000 - 0x00007ffecc93a000 	C:\WINDOWS\System32\USER32.dll
0x00007ffecaf60000 - 0x00007ffecaf86000 	C:\WINDOWS\System32\win32u.dll
0x00007ffecd4d0000 - 0x00007ffecd4f9000 	C:\WINDOWS\System32\GDI32.dll
0x00007ffecb350000 - 0x00007ffecb462000 	C:\WINDOWS\System32\gdi32full.dll
0x00007ffecb4f0000 - 0x00007ffecb58a000 	C:\WINDOWS\System32\msvcp_win.dll
0x00007ffecaf90000 - 0x00007ffecb0a1000 	C:\WINDOWS\System32\ucrtbase.dll
0x00007ffeb6730000 - 0x00007ffeb69be000 	C:\WINDOWS\WinSxS\amd64_microsoft.windows.common-controls_6595b64144ccf1df_6.0.22621.608_none_a9444ca7c10bb01d\COMCTL32.dll
0x00007ffecc530000 - 0x00007ffecc561000 	C:\WINDOWS\System32\IMM32.DLL
0x0000000000aa0000 - 0x0000000000ab4000 	C:\WINDOWS\System32\umppc16104.dll
0x00000000720e0000 - 0x00000000721b2000 	C:\Program Files\Java\jdk1.8.0_202\jre\bin\msvcr100.dll
0x00000000721c0000 - 0x0000000072a65000 	C:\Program Files\Java\jdk1.8.0_202\jre\bin\server\jvm.dll
0x00007ffecd500000 - 0x00007ffecd508000 	C:\WINDOWS\System32\PSAPI.DLL
0x00007ffe9ea30000 - 0x00007ffe9ea39000 	C:\WINDOWS\SYSTEM32\WSOCK32.dll
0x00007ffecd750000 - 0x00007ffecd7c1000 	C:\WINDOWS\System32\WS2_32.dll
0x00007ffec8950000 - 0x00007ffec8984000 	C:\WINDOWS\SYSTEM32\WINMM.dll
0x00007ffeba030000 - 0x00007ffeba03a000 	C:\WINDOWS\SYSTEM32\VERSION.dll
0x00007ffec7c40000 - 0x00007ffec7c4f000 	C:\Program Files\Java\jdk1.8.0_202\jre\bin\verify.dll
0x00007ffeaa8a0000 - 0x00007ffeaa8c9000 	C:\Program Files\Java\jdk1.8.0_202\jre\bin\java.dll
0x00007ffeb64e0000 - 0x00007ffeb64f6000 	C:\Program Files\Java\jdk1.8.0_202\jre\bin\zip.dll
0x00007ffecbcd0000 - 0x00007ffecc4ad000 	C:\WINDOWS\System32\SHELL32.dll
0x00007ffec8e90000 - 0x00007ffec9747000 	C:\WINDOWS\SYSTEM32\windows.storage.dll
0x00007ffecd130000 - 0x00007ffecd4b9000 	C:\WINDOWS\System32\combase.dll
0x00007ffec8d50000 - 0x00007ffec8e8d000 	C:\WINDOWS\SYSTEM32\wintypes.dll
0x00007ffeccfc0000 - 0x00007ffecd0b1000 	C:\WINDOWS\System32\SHCORE.dll
0x00007ffecbb00000 - 0x00007ffecbb5e000 	C:\WINDOWS\System32\shlwapi.dll
0x00007ffecae90000 - 0x00007ffecaeb1000 	C:\WINDOWS\SYSTEM32\profapi.dll
0x00007ffe3c340000 - 0x00007ffe3c4d9000 	C:\Program Files\Java\jdk1.8.0_202\jre\bin\awt.dll
0x00007ffecd5c0000 - 0x00007ffecd697000 	C:\WINDOWS\System32\OLEAUT32.dll
0x00007ffec76a0000 - 0x00007ffec7737000 	C:\WINDOWS\SYSTEM32\apphelp.dll
0x00007ffec7e30000 - 0x00007ffec7edb000 	C:\WINDOWS\system32\uxtheme.dll
0x00007ffecd860000 - 0x00007ffecd97e000 	C:\WINDOWS\System32\MSCTF.dll
0x00007ffecce20000 - 0x00007ffeccfbc000 	C:\WINDOWS\System32\ole32.dll
0x00007ffec9e70000 - 0x00007ffec9e88000 	C:\WINDOWS\SYSTEM32\kernel.appcore.dll
0x00007ffecb470000 - 0x00007ffecb4eb000 	C:\WINDOWS\System32\bcryptPrimitives.dll
0x00007ffec80f0000 - 0x00007ffec811b000 	C:\WINDOWS\system32\DWMAPI.DLL
0x00007ffea3720000 - 0x00007ffea3767000 	C:\Program Files\Java\jdk1.8.0_202\jre\bin\fontmanager.dll
0x00007ffe8fd40000 - 0x00007ffe8fe40000 	C:\WINDOWS\system32\opengl32.dll
0x00007ffe9ffe0000 - 0x00007ffea000d000 	C:\WINDOWS\SYSTEM32\GLU32.dll
0x00007ffec7fa0000 - 0x00007ffec7fd6000 	C:\WINDOWS\SYSTEM32\dxcore.dll
0x00007ffeb5730000 - 0x00007ffeb574a000 	C:\Program Files\Java\jdk1.8.0_202\jre\bin\net.dll
0x00007ffeb78f0000 - 0x00007ffeb7adf000 	C:\WINDOWS\SYSTEM32\urlmon.dll
0x00007ffeb94b0000 - 0x00007ffeb9761000 	C:\WINDOWS\SYSTEM32\iertutil.dll
0x00007ffeb78c0000 - 0x00007ffeb78e8000 	C:\WINDOWS\SYSTEM32\srvcli.dll
0x00007ffec9990000 - 0x00007ffec999c000 	C:\WINDOWS\SYSTEM32\netutils.dll
0x00007ffeca440000 - 0x00007ffeca4a9000 	C:\WINDOWS\system32\mswsock.dll
0x00007ffeb4070000 - 0x00007ffeb4082000 	C:\Program Files\Java\jdk1.8.0_202\jre\bin\nio.dll
0x00007ffe9ea40000 - 0x00007ffe9ea82000 	C:\Program Files\Java\jdk1.8.0_202\jre\bin\t2k.dll
0x00007ffecd980000 - 0x00007ffecda37000 	C:\WINDOWS\System32\clbcatq.dll
0x00007ffec58b0000 - 0x00007ffec5a60000 	C:\WINDOWS\SYSTEM32\WindowsCodecs.dll
0x00007ffe898e0000 - 0x00007ffe8993e000 	C:\WINDOWS\system32\dataexchange.dll
0x00007ffec2020000 - 0x00007ffec228a000 	C:\WINDOWS\system32\twinapi.appcore.dll
0x00007ffec9a10000 - 0x00007ffec9b02000 	C:\WINDOWS\SYSTEM32\DNSAPI.dll
0x00007ffec99e0000 - 0x00007ffec9a0d000 	C:\WINDOWS\SYSTEM32\IPHLPAPI.DLL
0x00007ffecbb60000 - 0x00007ffecbb69000 	C:\WINDOWS\System32\NSI.dll
0x00007ffec0be0000 - 0x00007ffec0bea000 	C:\Windows\System32\rasadhlp.dll
0x00007ffec3e70000 - 0x00007ffec3ef3000 	C:\WINDOWS\System32\fwpuclnt.dll
0x00007ffeb6ab0000 - 0x00007ffeb6bdd000 	C:\WINDOWS\SYSTEM32\textinputframework.dll
0x00007ffe9ed50000 - 0x00007ffe9ed7a000 	C:\Program Files\Java\jdk1.8.0_202\jre\bin\dcpr.dll
0x00007ffec71a0000 - 0x00007ffec72d3000 	C:\WINDOWS\SYSTEM32\CoreMessaging.dll
0x00007ffec34d0000 - 0x00007ffec383c000 	C:\WINDOWS\SYSTEM32\CoreUIComponents.dll
0x00007ffeca630000 - 0x00007ffeca63c000 	C:\WINDOWS\SYSTEM32\CRYPTBASE.DLL
0x00007ffeae790000 - 0x00007ffeae7c1000 	C:\Program Files\Java\jdk1.8.0_202\jre\bin\jpeg.dll

VM Arguments:
jvm_args: -Dfile.encoding=UTF-8 
java_command: pedro_automotores.view.ViewClient
java_class_path (initial): C:\Users\fernando.oliveira\Downloads\gson-2.8.6-javadoc.jar;C:\Users\fernando.oliveira\Downloads\gson-2.8.2.jar;C:\Users\fernando.oliveira\Downloads\com.mysql.jdbc_5.1.5.jar\com.mysql.jdbc_5.1.5.jar;C:\Users\fernando.oliveira\Downloads\SaveImage\jar\commons-io-2.4.jar;C:\Users\fernando.oliveira\Downloads\rs2xml.jar;C:\Users\fernando.oliveira\Documents\NetBeansProjects\Pedro_Automotores\build\classes
Launcher Type: SUN_STANDARD

Environment Variables:
PATH=C:\app\client\product\12.2.0\client_2\bin;C:\app\client\product\12.2.0\client_1\bin;C:\Program Files (x86)\Common Files\Oracle\Java\javapath;C:\WINDOWS\system32;C:\WINDOWS;C:\WINDOWS\System32\Wbem;C:\WINDOWS\System32\WindowsPowerShell\v1.0\;C:\WINDOWS\System32\OpenSSH\;C:\Program Files\dotnet\;C:\Program Files\nodejs\;C:\Program Files\Git\cmd;C:\Program Files\PuTTY\;C:\Users\fernando.oliveira\AppData\Local\Microsoft\WindowsApps;C:\Users\fernando.oliveira\AppData\Roaming\npm;C:\xampp\php;C:\Users\fernando.oliveira\composer;C:\Users\fernando.oliveira\AppData\Roaming\Composer\vendor\bin;C:\Users\fernando.oliveira\AppData\Local\Programs\Microsoft VS Code\bin;
USERNAME=fernando.oliveira
OS=Windows_NT
PROCESSOR_IDENTIFIER=Intel64 Family 6 Model 126 Stepping 5, GenuineIntel



---------------  S Y S T E M  ---------------

OS: Windows 10.0 , 64 bit Build 22621 (10.0.22621.608)

CPU:total 8 (initial active 8) (4 cores per cpu, 2 threads per core) family 6 model 126 stepping 5, cmov, cx8, fxsr, mmx, sse, sse2, sse3, ssse3, sse4.1, sse4.2, popcnt, avx, avx2, aes, clmul, erms, 3dnowpref, lzcnt, ht, tsc, tscinvbit, bmi1, bmi2, adx

Memory: 4k page, physical 8146328k(381072k free), swap 33312152k(4096k free)

vm_info: Java HotSpot(TM) 64-Bit Server VM (25.202-b08) for windows-amd64 JRE (1.8.0_202-b08), built on Dec 15 2018 19:54:30 by "java_re" with MS VC++ 10.0 (VS2010)

time: Tue Nov 22 13:46:14 2022
timezone: Hora oficial do Brasil
elapsed time: 11 seconds (0d 0h 0m 11s)

